[debug] [2022-08-13T15:13:04.722Z] ----------------------------------------------------------------------
[debug] [2022-08-13T15:13:04.735Z] Command:       C:\Program Files\nodejs\node.exe C:\Users\tanve\AppData\Roaming\npm\node_modules\firebase-tools\lib\bin\firebase.js deploy
[debug] [2022-08-13T15:13:04.737Z] CLI Version:   10.6.0
[debug] [2022-08-13T15:13:04.737Z] Platform:      win32
[debug] [2022-08-13T15:13:04.737Z] Node Version:  v16.13.1
[debug] [2022-08-13T15:13:04.906Z] Time:          Sat Aug 13 2022 21:13:04 GMT+0600 (Bangladesh Standard Time)
[debug] [2022-08-13T15:13:04.908Z] ----------------------------------------------------------------------
[debug] 
[debug] [2022-08-13T15:13:04.927Z] >>> [apiv2][query] GET https://firebase-public.firebaseio.com/cli.json [none]
[debug] [2022-08-13T15:13:05.316Z] > command requires scopes: ["email","openid","https://www.googleapis.com/auth/cloudplatformprojects.readonly","https://www.googleapis.com/auth/firebase","https://www.googleapis.com/auth/cloud-platform"]
[debug] [2022-08-13T15:13:05.316Z] > authorizing via signed-in user (tanvershikder96@gmail.com)
[debug] [2022-08-13T15:13:05.317Z] [iam] checking project doctor-potal-2377c for permissions ["firebase.projects.get","firebasehosting.sites.update"]
[debug] [2022-08-13T15:13:05.320Z] > refreshing access token with scopes: []
[debug] [2022-08-13T15:13:05.323Z] >>> HTTP REQUEST POST https://www.googleapis.com/oauth2/v3/token  
 <request body omitted>
[debug] [2022-08-13T15:13:08.550Z] <<< HTTP RESPONSE 200 {"expires":"Mon, 01 Jan 1990 00:00:00 GMT","pragma":"no-cache","cache-control":"no-cache, no-store, max-age=0, must-revalidate","date":"Sat, 13 Aug 2022 15:13:02 GMT","content-type":"application/json; charset=utf-8","vary":"X-Origin, Referer, Origin,Accept-Encoding","server":"scaffolding on HTTPServer2","x-xss-protection":"0","x-frame-options":"SAMEORIGIN","x-content-type-options":"nosniff","alt-svc":"h3=\":443\"; ma=2592000,h3-29=\":443\"; ma=2592000,h3-Q050=\":443\"; ma=2592000,h3-Q046=\":443\"; ma=2592000,h3-Q043=\":443\"; ma=2592000,quic=\":443\"; ma=2592000; v=\"46,43\"","accept-ranges":"none","transfer-encoding":"chunked"}
[debug] [2022-08-13T15:13:10.774Z] >>> [apiv2][query] POST https://cloudresourcemanager.googleapis.com/v1/projects/doctor-potal-2377c:testIamPermissions [none]
[debug] [2022-08-13T15:13:10.776Z] >>> [apiv2][body] POST https://cloudresourcemanager.googleapis.com/v1/projects/doctor-potal-2377c:testIamPermissions {"permissions":["firebase.projects.get","firebasehosting.sites.update"]}
[debug] [2022-08-13T15:13:10.894Z] <<< [apiv2][status] GET https://firebase-public.firebaseio.com/cli.json 200
[debug] [2022-08-13T15:13:10.895Z] <<< [apiv2][body] GET https://firebase-public.firebaseio.com/cli.json {"cloudBuildErrorAfter":1594252800000,"cloudBuildWarnAfter":1590019200000,"defaultNode10After":1594252800000,"minVersion":"3.0.5","node8DeploysDisabledAfter":1613390400000,"node8RuntimeDisabledAfter":1615809600000,"node8WarnAfter":1600128000000}
[debug] [2022-08-13T15:13:14.584Z] <<< [apiv2][status] POST https://cloudresourcemanager.googleapis.com/v1/projects/doctor-potal-2377c:testIamPermissions 200
[debug] [2022-08-13T15:13:14.585Z] <<< [apiv2][body] POST https://cloudresourcemanager.googleapis.com/v1/projects/doctor-potal-2377c:testIamPermissions {"permissions":["firebase.projects.get","firebasehosting.sites.update"]}
[debug] [2022-08-13T15:13:14.587Z] >>> [apiv2][query] GET https://firebase.googleapis.com/v1beta1/projects/doctor-potal-2377c [none]
[debug] [2022-08-13T15:13:16.853Z] <<< [apiv2][status] GET https://firebase.googleapis.com/v1beta1/projects/doctor-potal-2377c 200
[debug] [2022-08-13T15:13:16.854Z] <<< [apiv2][body] GET https://firebase.googleapis.com/v1beta1/projects/doctor-potal-2377c {"projectId":"doctor-potal-2377c","projectNumber":"429662617871","displayName":"doctor-potal","name":"projects/doctor-potal-2377c","resources":{"hostingSite":"doctor-potal-2377c"},"state":"ACTIVE","etag":"1_d336e89d-a8c3-4323-9670-eadfd45f2fb1"}
[info] 
[info] === Deploying to 'doctor-potal-2377c'...
[info] 
[info] i  deploying hosting 
[debug] [2022-08-13T15:13:16.870Z] >>> [apiv2][query] GET https://firebase.googleapis.com/v1beta1/projects/doctor-potal-2377c [none]
[debug] [2022-08-13T15:13:19.445Z] <<< [apiv2][status] GET https://firebase.googleapis.com/v1beta1/projects/doctor-potal-2377c 200
[debug] [2022-08-13T15:13:19.445Z] <<< [apiv2][body] GET https://firebase.googleapis.com/v1beta1/projects/doctor-potal-2377c {"projectId":"doctor-potal-2377c","projectNumber":"429662617871","displayName":"doctor-potal","name":"projects/doctor-potal-2377c","resources":{"hostingSite":"doctor-potal-2377c"},"state":"ACTIVE","etag":"1_d336e89d-a8c3-4323-9670-eadfd45f2fb1"}
[debug] [2022-08-13T15:13:19.453Z] >>> [apiv2][query] POST https://firebasehosting.googleapis.com/v1beta1/projects/429662617871/sites/doctor-potal-2377c/versions [none]
[debug] [2022-08-13T15:13:19.453Z] >>> [apiv2][body] POST https://firebasehosting.googleapis.com/v1beta1/projects/429662617871/sites/doctor-potal-2377c/versions {"config":{"rewrites":[{"glob":"**","path":"/index.html"}]},"labels":{"deployment-tool":"cli-firebase"}}
